c:\users\s191344\desktop\dijkstraalgorithmbootstrap\aiebootstrap-2019beta\temp\project2d\x64\debug\vc141.pdb
c:\users\s191344\desktop\dijkstraalgorithmbootstrap\aiebootstrap-2019beta\temp\project2d\x64\debug\vc141.idb
c:\users\s191344\desktop\dijkstraalgorithmbootstrap\aiebootstrap-2019beta\temp\project2d\x64\debug\player.obj
c:\users\s191344\desktop\dijkstraalgorithmbootstrap\aiebootstrap-2019beta\temp\project2d\x64\debug\main.obj
c:\users\s191344\desktop\dijkstraalgorithmbootstrap\aiebootstrap-2019beta\temp\project2d\x64\debug\game2d.obj
c:\users\s191344\desktop\dijkstraalgorithmbootstrap\aiebootstrap-2019beta\temp\project2d\x64\debug\vector4.obj
c:\users\s191344\desktop\dijkstraalgorithmbootstrap\aiebootstrap-2019beta\temp\project2d\x64\debug\vector3.obj
c:\users\s191344\desktop\dijkstraalgorithmbootstrap\aiebootstrap-2019beta\temp\project2d\x64\debug\vector2.obj
c:\users\s191344\desktop\dijkstraalgorithmbootstrap\aiebootstrap-2019beta\temp\project2d\x64\debug\node.obj
c:\users\s191344\desktop\dijkstraalgorithmbootstrap\aiebootstrap-2019beta\temp\project2d\x64\debug\matrix4.obj
c:\users\s191344\desktop\dijkstraalgorithmbootstrap\aiebootstrap-2019beta\temp\project2d\x64\debug\matrix3.obj
c:\users\s191344\desktop\dijkstraalgorithmbootstrap\aiebootstrap-2019beta\temp\project2d\x64\debug\grid.obj
c:\users\s191344\desktop\dijkstraalgorithmbootstrap\aiebootstrap-2019beta\temp\project2d\x64\debug\project2d.exe
c:\users\s191344\desktop\dijkstraalgorithmbootstrap\aiebootstrap-2019beta\temp\project2d\x64\debug\project2d.ilk
c:\users\s191344\desktop\dijkstraalgorithmbootstrap\aiebootstrap-2019beta\temp\project2d\x64\debug\project2d.pdb
c:\users\s191344\desktop\dijkstraalgorithmbootstrap\aiebootstrap-2019beta\temp\project2d\x64\debug\project2d.tlog\cl.command.1.tlog
c:\users\s191344\desktop\dijkstraalgorithmbootstrap\aiebootstrap-2019beta\temp\project2d\x64\debug\project2d.tlog\cl.read.1.tlog
c:\users\s191344\desktop\dijkstraalgorithmbootstrap\aiebootstrap-2019beta\temp\project2d\x64\debug\project2d.tlog\cl.write.1.tlog
c:\users\s191344\desktop\dijkstraalgorithmbootstrap\aiebootstrap-2019beta\temp\project2d\x64\debug\project2d.tlog\link.command.1.tlog
c:\users\s191344\desktop\dijkstraalgorithmbootstrap\aiebootstrap-2019beta\temp\project2d\x64\debug\project2d.tlog\link.read.1.tlog
c:\users\s191344\desktop\dijkstraalgorithmbootstrap\aiebootstrap-2019beta\temp\project2d\x64\debug\project2d.tlog\link.write.1.tlog
