  Game2D.cpp
c:\users\61448\onedrive\desktop\dijkstraalgorithmbootstrap\aiebootstrap-2019beta\path finding\project2d\game2d.cpp(56): warning C4244: '=': conversion from 'int' to 'float', possible loss of data
c:\users\61448\onedrive\desktop\dijkstraalgorithmbootstrap\aiebootstrap-2019beta\path finding\project2d\game2d.cpp(57): warning C4244: '=': conversion from 'int' to 'float', possible loss of data
  Grid.cpp
  main.cpp
  Matrix3.cpp
  Matrix4.cpp
  Node.cpp
  PathHeap.cpp
c:\users\61448\onedrive\desktop\dijkstraalgorithmbootstrap\aiebootstrap-2019beta\path finding\project2d\pathheap.cpp(19): warning C4267: 'initializing': conversion from 'size_t' to 'int', possible loss of data
c:\users\61448\onedrive\desktop\dijkstraalgorithmbootstrap\aiebootstrap-2019beta\path finding\project2d\pathheap.cpp(37): warning C4267: 'initializing': conversion from 'size_t' to 'int', possible loss of data
c:\users\61448\onedrive\desktop\dijkstraalgorithmbootstrap\aiebootstrap-2019beta\path finding\project2d\pathheap.cpp(76): warning C4267: 'return': conversion from 'size_t' to 'int', possible loss of data
  Player.cpp
c:\users\61448\onedrive\desktop\dijkstraalgorithmbootstrap\aiebootstrap-2019beta\path finding\project2d\player.cpp(29): warning C4244: '=': conversion from 'int' to 'float', possible loss of data
c:\users\61448\onedrive\desktop\dijkstraalgorithmbootstrap\aiebootstrap-2019beta\path finding\project2d\player.cpp(30): warning C4244: '=': conversion from 'int' to 'float', possible loss of data
c:\users\61448\onedrive\desktop\dijkstraalgorithmbootstrap\aiebootstrap-2019beta\path finding\project2d\player.cpp(93): warning C4244: 'argument': conversion from 'int' to 'float', possible loss of data
  Vector2.cpp
  Vector3.cpp
  Vector4.cpp
  Generating Code...
LINK : warning LNK4098: defaultlib 'MSVCRT' conflicts with use of other libs; use /NODEFAULTLIB:library
  Project2D.vcxproj -> C:\Users\61448\OneDrive\Desktop\dijkstraAlgorithmBootstrap\aieBootstrap-2019beta\Path Finding\temp\Project2D\x64\Debug\Project2D.exe
